<?xml version="1.0" encoding="UTF-8"?>
<testng-results skipped="8" failed="0" total="19" passed="11">
  <reporter-output>
  </reporter-output>
  <suite name=" TestNG SessionTest Automation Suite" duration-ms="133556" started-at="2019-05-14T13:00:39Z" finished-at="2019-05-14T13:02:53Z">
    <groups>
      <group name="Title">
        <method signature="GoogleTest.GoogleTitleTest()[pri:3, instance:com.test.com.test.GoogleTest@18c7aca]" name="GoogleTitleTest" class="com.test.com.test.GoogleTest"/>
        <method signature="GoogleTest.mailLinkTest()[pri:2, instance:com.test.com.test.GoogleTest@18c7aca]" name="mailLinkTest" class="com.test.com.test.GoogleTest"/>
        <method signature="GoogleTest.test2()[pri:4, instance:com.test.com.test.GoogleTest@18c7aca]" name="test2" class="com.test.com.test.GoogleTest"/>
      </group> <!-- Title -->
      <group name="Logo">
        <method signature="GoogleTest.GoogleLogoTest()[pri:1, instance:com.test.com.test.GoogleTest@18c7aca]" name="GoogleLogoTest" class="com.test.com.test.GoogleTest"/>
        <method signature="GoogleTest.test1()[pri:5, instance:com.test.com.test.GoogleTest@18c7aca]" name="test1" class="com.test.com.test.GoogleTest"/>
        <method signature="GoogleTest.test3()[pri:6, instance:com.test.com.test.GoogleTest@18c7aca]" name="test3" class="com.test.com.test.GoogleTest"/>
        <method signature="GoogleTitleTest.GoogleLogoTest()[pri:1, instance:com.test.com.test.GoogleTitleTest@1ebec15]" name="GoogleLogoTest" class="com.test.com.test.GoogleTitleTest"/>
      </group> <!-- Logo -->
    </groups>
    <test name="Different TestNG Feature Test" duration-ms="133556" started-at="2019-05-14T13:00:39Z" finished-at="2019-05-14T13:02:53Z">
      <class name="com.test.com.test.GoogleTitleTest">
        <test-method status="FAIL" signature="setUp()[pri:0, instance:com.test.com.test.GoogleTitleTest@1ebec15]" name="setUp" is-config="true" duration-ms="0" started-at="2019-05-14T18:31:47Z" finished-at="2019-05-14T18:31:47Z">
          <exception class="org.openqa.selenium.TimeoutException">
            <message>
              <![CDATA[Timeout loading page after 40000ms
Build info: version: '3.141.59', revision: 'e82be7d358', time: '2018-11-14T08:25:53'
System info: host: 'USER-PC', ip: '192.168.2.4', os.name: 'Windows 7', os.arch: 'x86', os.version: '6.1', java.version: '1.8.0_201'
Driver info: org.openqa.selenium.firefox.FirefoxDriver
Capabilities {acceptInsecureCerts: true, browserName: firefox, browserVersion: 66.0.5, javascriptEnabled: true, moz:accessibilityChecks: false, moz:geckodriverVersion: 0.24.0, moz:headless: false, moz:processID: 6656, moz:profile: C:\Users\user\AppData\Local..., moz:shutdownTimeout: 60000, moz:useNonSpecCompliantPointerOrigin: false, moz:webdriverClick: true, pageLoadStrategy: normal, platform: WINDOWS, platformName: WINDOWS, platformVersion: 6.1, rotatable: false, setWindowRect: true, strictFileInteractability: false, timeouts: {implicit: 0, pageLoad: 300000, script: 30000}, unhandledPromptBehavior: dismiss and notify}
Session ID: 3d6618af-b1a3-49dc-bd99-717ece36ba34]]>
            </message>
            <full-stacktrace>
              <![CDATA[org.openqa.selenium.TimeoutException: Timeout loading page after 40000ms
Build info: version: '3.141.59', revision: 'e82be7d358', time: '2018-11-14T08:25:53'
System info: host: 'USER-PC', ip: '192.168.2.4', os.name: 'Windows 7', os.arch: 'x86', os.version: '6.1', java.version: '1.8.0_201'
Driver info: org.openqa.selenium.firefox.FirefoxDriver
Capabilities {acceptInsecureCerts: true, browserName: firefox, browserVersion: 66.0.5, javascriptEnabled: true, moz:accessibilityChecks: false, moz:geckodriverVersion: 0.24.0, moz:headless: false, moz:processID: 6656, moz:profile: C:\Users\user\AppData\Local..., moz:shutdownTimeout: 60000, moz:useNonSpecCompliantPointerOrigin: false, moz:webdriverClick: true, pageLoadStrategy: normal, platform: WINDOWS, platformName: WINDOWS, platformVersion: 6.1, rotatable: false, setWindowRect: true, strictFileInteractability: false, timeouts: {implicit: 0, pageLoad: 300000, script: 30000}, unhandledPromptBehavior: dismiss and notify}
Session ID: 3d6618af-b1a3-49dc-bd99-717ece36ba34
	at sun.reflect.NativeConstructorAccessorImpl.newInstance0(Native Method)
	at sun.reflect.NativeConstructorAccessorImpl.newInstance(Unknown Source)
	at sun.reflect.DelegatingConstructorAccessorImpl.newInstance(Unknown Source)
	at java.lang.reflect.Constructor.newInstance(Unknown Source)
	at org.openqa.selenium.remote.http.W3CHttpResponseCodec.createException(W3CHttpResponseCodec.java:187)
	at org.openqa.selenium.remote.http.W3CHttpResponseCodec.decode(W3CHttpResponseCodec.java:122)
	at org.openqa.selenium.remote.http.W3CHttpResponseCodec.decode(W3CHttpResponseCodec.java:49)
	at org.openqa.selenium.remote.HttpCommandExecutor.execute(HttpCommandExecutor.java:158)
	at org.openqa.selenium.remote.service.DriverCommandExecutor.execute(DriverCommandExecutor.java:83)
	at org.openqa.selenium.remote.RemoteWebDriver.execute(RemoteWebDriver.java:552)
	at org.openqa.selenium.remote.RemoteWebDriver.get(RemoteWebDriver.java:277)
	at com.test.com.test.GoogleTitleTest.setUp(GoogleTitleTest.java:26)
	at sun.reflect.NativeMethodAccessorImpl.invoke0(Native Method)
	at sun.reflect.NativeMethodAccessorImpl.invoke(Unknown Source)
	at sun.reflect.DelegatingMethodAccessorImpl.invoke(Unknown Source)
	at java.lang.reflect.Method.invoke(Unknown Source)
	at org.testng.internal.MethodInvocationHelper.invokeMethod(MethodInvocationHelper.java:86)
	at org.testng.internal.Invoker.invokeConfigurationMethod(Invoker.java:514)
	at org.testng.internal.Invoker.invokeConfigurations(Invoker.java:215)
	at org.testng.internal.Invoker.invokeMethod(Invoker.java:589)
	at org.testng.internal.Invoker.invokeTestMethod(Invoker.java:822)
	at org.testng.internal.Invoker.invokeTestMethods(Invoker.java:1130)
	at org.testng.internal.TestMethodWorker.invokeTestMethods(TestMethodWorker.java:129)
	at org.testng.internal.TestMethodWorker.run(TestMethodWorker.java:112)
	at org.testng.TestRunner.privateRun(TestRunner.java:782)
	at org.testng.TestRunner.run(TestRunner.java:632)
	at org.testng.SuiteRunner.runTest(SuiteRunner.java:366)
	at org.testng.SuiteRunner.runSequentially(SuiteRunner.java:361)
	at org.testng.SuiteRunner.privateRun(SuiteRunner.java:319)
	at org.testng.SuiteRunner.run(SuiteRunner.java:268)
	at org.testng.SuiteRunnerWorker.runSuite(SuiteRunnerWorker.java:52)
	at org.testng.SuiteRunnerWorker.run(SuiteRunnerWorker.java:86)
	at org.testng.TestNG.runSuitesSequentially(TestNG.java:1244)
	at org.testng.TestNG.runSuitesLocally(TestNG.java:1169)
	at org.testng.TestNG.run(TestNG.java:1064)
	at org.testng.remote.RemoteTestNG.run(RemoteTestNG.java:113)
	at org.testng.remote.RemoteTestNG.initAndRun(RemoteTestNG.java:206)
	at org.testng.remote.RemoteTestNG.main(RemoteTestNG.java:177)
]]>
            </full-stacktrace>
          </exception> <!-- org.openqa.selenium.TimeoutException -->
          <reporter-output>
          </reporter-output>
        </test-method> <!-- setUp -->
        <test-method status="SKIP" signature="GoogleTitleTest()[pri:0, instance:com.test.com.test.GoogleTitleTest@1ebec15]" name="GoogleTitleTest" duration-ms="9" started-at="2019-05-14T18:32:53Z" finished-at="2019-05-14T18:32:53Z">
          <reporter-output>
          </reporter-output>
        </test-method> <!-- GoogleTitleTest -->
        <test-method status="SKIP" signature="tearDown()[pri:0, instance:com.test.com.test.GoogleTitleTest@1ebec15]" name="tearDown" is-config="true" duration-ms="0" started-at="2019-05-14T18:32:53Z" finished-at="2019-05-14T18:32:53Z">
          <reporter-output>
          </reporter-output>
        </test-method> <!-- tearDown -->
        <test-method status="SKIP" signature="setUp()[pri:0, instance:com.test.com.test.GoogleTitleTest@1ebec15]" name="setUp" is-config="true" duration-ms="0" started-at="2019-05-14T18:32:53Z" finished-at="2019-05-14T18:32:53Z">
          <reporter-output>
          </reporter-output>
        </test-method> <!-- setUp -->
        <test-method status="SKIP" signature="GoogleLogoTest()[pri:1, instance:com.test.com.test.GoogleTitleTest@1ebec15]" name="GoogleLogoTest" duration-ms="1" started-at="2019-05-14T18:32:53Z" finished-at="2019-05-14T18:32:53Z">
          <reporter-output>
          </reporter-output>
        </test-method> <!-- GoogleLogoTest -->
        <test-method status="SKIP" signature="tearDown()[pri:0, instance:com.test.com.test.GoogleTitleTest@1ebec15]" name="tearDown" is-config="true" duration-ms="0" started-at="2019-05-14T18:32:53Z" finished-at="2019-05-14T18:32:53Z">
          <reporter-output>
          </reporter-output>
        </test-method> <!-- tearDown -->
      </class> <!-- com.test.com.test.GoogleTitleTest -->
      <class name="com.test.com.test.GoogleTest">
        <test-method status="FAIL" signature="setUp()[pri:0, instance:com.test.com.test.GoogleTest@18c7aca]" name="setUp" is-config="true" duration-ms="0" started-at="2019-05-14T18:30:39Z" finished-at="2019-05-14T18:30:39Z">
          <exception class="org.openqa.selenium.TimeoutException">
            <message>
              <![CDATA[Timeout loading page after 40000ms
Build info: version: '3.141.59', revision: 'e82be7d358', time: '2018-11-14T08:25:53'
System info: host: 'USER-PC', ip: '192.168.2.4', os.name: 'Windows 7', os.arch: 'x86', os.version: '6.1', java.version: '1.8.0_201'
Driver info: org.openqa.selenium.firefox.FirefoxDriver
Capabilities {acceptInsecureCerts: true, browserName: firefox, browserVersion: 66.0.5, javascriptEnabled: true, moz:accessibilityChecks: false, moz:geckodriverVersion: 0.24.0, moz:headless: false, moz:processID: 9632, moz:profile: C:\Users\user\AppData\Local..., moz:shutdownTimeout: 60000, moz:useNonSpecCompliantPointerOrigin: false, moz:webdriverClick: true, pageLoadStrategy: normal, platform: WINDOWS, platformName: WINDOWS, platformVersion: 6.1, rotatable: false, setWindowRect: true, strictFileInteractability: false, timeouts: {implicit: 0, pageLoad: 300000, script: 30000}, unhandledPromptBehavior: dismiss and notify}
Session ID: 97b5c761-6a04-4392-b805-7d4716e2ba89]]>
            </message>
            <full-stacktrace>
              <![CDATA[org.openqa.selenium.TimeoutException: Timeout loading page after 40000ms
Build info: version: '3.141.59', revision: 'e82be7d358', time: '2018-11-14T08:25:53'
System info: host: 'USER-PC', ip: '192.168.2.4', os.name: 'Windows 7', os.arch: 'x86', os.version: '6.1', java.version: '1.8.0_201'
Driver info: org.openqa.selenium.firefox.FirefoxDriver
Capabilities {acceptInsecureCerts: true, browserName: firefox, browserVersion: 66.0.5, javascriptEnabled: true, moz:accessibilityChecks: false, moz:geckodriverVersion: 0.24.0, moz:headless: false, moz:processID: 9632, moz:profile: C:\Users\user\AppData\Local..., moz:shutdownTimeout: 60000, moz:useNonSpecCompliantPointerOrigin: false, moz:webdriverClick: true, pageLoadStrategy: normal, platform: WINDOWS, platformName: WINDOWS, platformVersion: 6.1, rotatable: false, setWindowRect: true, strictFileInteractability: false, timeouts: {implicit: 0, pageLoad: 300000, script: 30000}, unhandledPromptBehavior: dismiss and notify}
Session ID: 97b5c761-6a04-4392-b805-7d4716e2ba89
	at sun.reflect.NativeConstructorAccessorImpl.newInstance0(Native Method)
	at sun.reflect.NativeConstructorAccessorImpl.newInstance(Unknown Source)
	at sun.reflect.DelegatingConstructorAccessorImpl.newInstance(Unknown Source)
	at java.lang.reflect.Constructor.newInstance(Unknown Source)
	at org.openqa.selenium.remote.http.W3CHttpResponseCodec.createException(W3CHttpResponseCodec.java:187)
	at org.openqa.selenium.remote.http.W3CHttpResponseCodec.decode(W3CHttpResponseCodec.java:122)
	at org.openqa.selenium.remote.http.W3CHttpResponseCodec.decode(W3CHttpResponseCodec.java:49)
	at org.openqa.selenium.remote.HttpCommandExecutor.execute(HttpCommandExecutor.java:158)
	at org.openqa.selenium.remote.service.DriverCommandExecutor.execute(DriverCommandExecutor.java:83)
	at org.openqa.selenium.remote.RemoteWebDriver.execute(RemoteWebDriver.java:552)
	at org.openqa.selenium.remote.RemoteWebDriver.get(RemoteWebDriver.java:277)
	at com.test.com.test.GoogleTest.setUp(GoogleTest.java:26)
	at sun.reflect.NativeMethodAccessorImpl.invoke0(Native Method)
	at sun.reflect.NativeMethodAccessorImpl.invoke(Unknown Source)
	at sun.reflect.DelegatingMethodAccessorImpl.invoke(Unknown Source)
	at java.lang.reflect.Method.invoke(Unknown Source)
	at org.testng.internal.MethodInvocationHelper.invokeMethod(MethodInvocationHelper.java:86)
	at org.testng.internal.Invoker.invokeConfigurationMethod(Invoker.java:514)
	at org.testng.internal.Invoker.invokeConfigurations(Invoker.java:215)
	at org.testng.internal.Invoker.invokeMethod(Invoker.java:589)
	at org.testng.internal.Invoker.invokeTestMethod(Invoker.java:822)
	at org.testng.internal.Invoker.invokeTestMethods(Invoker.java:1130)
	at org.testng.internal.TestMethodWorker.invokeTestMethods(TestMethodWorker.java:129)
	at org.testng.internal.TestMethodWorker.run(TestMethodWorker.java:112)
	at org.testng.TestRunner.privateRun(TestRunner.java:782)
	at org.testng.TestRunner.run(TestRunner.java:632)
	at org.testng.SuiteRunner.runTest(SuiteRunner.java:366)
	at org.testng.SuiteRunner.runSequentially(SuiteRunner.java:361)
	at org.testng.SuiteRunner.privateRun(SuiteRunner.java:319)
	at org.testng.SuiteRunner.run(SuiteRunner.java:268)
	at org.testng.SuiteRunnerWorker.runSuite(SuiteRunnerWorker.java:52)
	at org.testng.SuiteRunnerWorker.run(SuiteRunnerWorker.java:86)
	at org.testng.TestNG.runSuitesSequentially(TestNG.java:1244)
	at org.testng.TestNG.runSuitesLocally(TestNG.java:1169)
	at org.testng.TestNG.run(TestNG.java:1064)
	at org.testng.remote.RemoteTestNG.run(RemoteTestNG.java:113)
	at org.testng.remote.RemoteTestNG.initAndRun(RemoteTestNG.java:206)
	at org.testng.remote.RemoteTestNG.main(RemoteTestNG.java:177)
]]>
            </full-stacktrace>
          </exception> <!-- org.openqa.selenium.TimeoutException -->
          <reporter-output>
          </reporter-output>
        </test-method> <!-- setUp -->
        <test-method status="SKIP" signature="GoogleLogoTest()[pri:1, instance:com.test.com.test.GoogleTest@18c7aca]" name="GoogleLogoTest" duration-ms="3" started-at="2019-05-14T18:31:47Z" finished-at="2019-05-14T18:31:47Z">
          <reporter-output>
          </reporter-output>
        </test-method> <!-- GoogleLogoTest -->
        <test-method status="SKIP" signature="tearDown()[pri:0, instance:com.test.com.test.GoogleTest@18c7aca]" name="tearDown" is-config="true" duration-ms="0" started-at="2019-05-14T18:31:47Z" finished-at="2019-05-14T18:31:47Z">
          <reporter-output>
          </reporter-output>
        </test-method> <!-- tearDown -->
        <test-method status="SKIP" signature="setUp()[pri:0, instance:com.test.com.test.GoogleTest@18c7aca]" name="setUp" is-config="true" duration-ms="0" started-at="2019-05-14T18:31:47Z" finished-at="2019-05-14T18:31:47Z">
          <reporter-output>
          </reporter-output>
        </test-method> <!-- setUp -->
        <test-method status="SKIP" signature="mailLinkTest()[pri:2, instance:com.test.com.test.GoogleTest@18c7aca]" name="mailLinkTest" duration-ms="2" started-at="2019-05-14T18:31:47Z" finished-at="2019-05-14T18:31:47Z">
          <reporter-output>
          </reporter-output>
        </test-method> <!-- mailLinkTest -->
        <test-method status="SKIP" signature="tearDown()[pri:0, instance:com.test.com.test.GoogleTest@18c7aca]" name="tearDown" is-config="true" duration-ms="0" started-at="2019-05-14T18:31:47Z" finished-at="2019-05-14T18:31:47Z">
          <reporter-output>
          </reporter-output>
        </test-method> <!-- tearDown -->
        <test-method status="SKIP" signature="setUp()[pri:0, instance:com.test.com.test.GoogleTest@18c7aca]" name="setUp" is-config="true" duration-ms="0" started-at="2019-05-14T18:31:47Z" finished-at="2019-05-14T18:31:47Z">
          <reporter-output>
          </reporter-output>
        </test-method> <!-- setUp -->
        <test-method status="SKIP" signature="GoogleTitleTest()[pri:3, instance:com.test.com.test.GoogleTest@18c7aca]" name="GoogleTitleTest" duration-ms="3" started-at="2019-05-14T18:31:47Z" finished-at="2019-05-14T18:31:47Z">
          <reporter-output>
          </reporter-output>
        </test-method> <!-- GoogleTitleTest -->
        <test-method status="SKIP" signature="tearDown()[pri:0, instance:com.test.com.test.GoogleTest@18c7aca]" name="tearDown" is-config="true" duration-ms="0" started-at="2019-05-14T18:31:47Z" finished-at="2019-05-14T18:31:47Z">
          <reporter-output>
          </reporter-output>
        </test-method> <!-- tearDown -->
        <test-method status="SKIP" signature="setUp()[pri:0, instance:com.test.com.test.GoogleTest@18c7aca]" name="setUp" is-config="true" duration-ms="0" started-at="2019-05-14T18:31:47Z" finished-at="2019-05-14T18:31:47Z">
          <reporter-output>
          </reporter-output>
        </test-method> <!-- setUp -->
        <test-method status="SKIP" signature="test2()[pri:4, instance:com.test.com.test.GoogleTest@18c7aca]" name="test2" duration-ms="2" started-at="2019-05-14T18:31:47Z" finished-at="2019-05-14T18:31:47Z">
          <reporter-output>
          </reporter-output>
        </test-method> <!-- test2 -->
        <test-method status="SKIP" signature="tearDown()[pri:0, instance:com.test.com.test.GoogleTest@18c7aca]" name="tearDown" is-config="true" duration-ms="0" started-at="2019-05-14T18:31:47Z" finished-at="2019-05-14T18:31:47Z">
          <reporter-output>
          </reporter-output>
        </test-method> <!-- tearDown -->
        <test-method status="SKIP" signature="setUp()[pri:0, instance:com.test.com.test.GoogleTest@18c7aca]" name="setUp" is-config="true" duration-ms="0" started-at="2019-05-14T18:31:47Z" finished-at="2019-05-14T18:31:47Z">
          <reporter-output>
          </reporter-output>
        </test-method> <!-- setUp -->
        <test-method status="SKIP" signature="test1()[pri:5, instance:com.test.com.test.GoogleTest@18c7aca]" name="test1" duration-ms="3" started-at="2019-05-14T18:31:47Z" finished-at="2019-05-14T18:31:47Z">
          <reporter-output>
          </reporter-output>
        </test-method> <!-- test1 -->
        <test-method status="SKIP" signature="tearDown()[pri:0, instance:com.test.com.test.GoogleTest@18c7aca]" name="tearDown" is-config="true" duration-ms="0" started-at="2019-05-14T18:31:47Z" finished-at="2019-05-14T18:31:47Z">
          <reporter-output>
          </reporter-output>
        </test-method> <!-- tearDown -->
        <test-method status="SKIP" signature="setUp()[pri:0, instance:com.test.com.test.GoogleTest@18c7aca]" name="setUp" is-config="true" duration-ms="0" started-at="2019-05-14T18:31:47Z" finished-at="2019-05-14T18:31:47Z">
          <reporter-output>
          </reporter-output>
        </test-method> <!-- setUp -->
        <test-method status="SKIP" signature="test3()[pri:6, instance:com.test.com.test.GoogleTest@18c7aca]" name="test3" duration-ms="3" started-at="2019-05-14T18:31:47Z" finished-at="2019-05-14T18:31:47Z">
          <reporter-output>
          </reporter-output>
        </test-method> <!-- test3 -->
        <test-method status="SKIP" signature="tearDown()[pri:0, instance:com.test.com.test.GoogleTest@18c7aca]" name="tearDown" is-config="true" duration-ms="0" started-at="2019-05-14T18:31:47Z" finished-at="2019-05-14T18:31:47Z">
          <reporter-output>
          </reporter-output>
        </test-method> <!-- tearDown -->
      </class> <!-- com.test.com.test.GoogleTest -->
      <class name="com.test.com.test.InvocationcountTest">
        <test-method status="PASS" signature="sum()[pri:0, instance:com.test.com.test.InvocationcountTest@1bcffb5]" name="sum" duration-ms="2" started-at="2019-05-14T18:32:53Z" finished-at="2019-05-14T18:32:53Z">
          <reporter-output>
          </reporter-output>
        </test-method> <!-- sum -->
        <test-method status="PASS" signature="sum()[pri:0, instance:com.test.com.test.InvocationcountTest@1bcffb5]" name="sum" duration-ms="2" started-at="2019-05-14T18:32:53Z" finished-at="2019-05-14T18:32:53Z">
          <reporter-output>
          </reporter-output>
        </test-method> <!-- sum -->
        <test-method status="PASS" signature="sum()[pri:0, instance:com.test.com.test.InvocationcountTest@1bcffb5]" name="sum" duration-ms="2" started-at="2019-05-14T18:32:53Z" finished-at="2019-05-14T18:32:53Z">
          <reporter-output>
          </reporter-output>
        </test-method> <!-- sum -->
        <test-method status="PASS" signature="sum()[pri:0, instance:com.test.com.test.InvocationcountTest@1bcffb5]" name="sum" duration-ms="1" started-at="2019-05-14T18:32:53Z" finished-at="2019-05-14T18:32:53Z">
          <reporter-output>
          </reporter-output>
        </test-method> <!-- sum -->
        <test-method status="PASS" signature="sum()[pri:0, instance:com.test.com.test.InvocationcountTest@1bcffb5]" name="sum" duration-ms="1" started-at="2019-05-14T18:32:53Z" finished-at="2019-05-14T18:32:53Z">
          <reporter-output>
          </reporter-output>
        </test-method> <!-- sum -->
        <test-method status="PASS" signature="sum()[pri:0, instance:com.test.com.test.InvocationcountTest@1bcffb5]" name="sum" duration-ms="2" started-at="2019-05-14T18:32:53Z" finished-at="2019-05-14T18:32:53Z">
          <reporter-output>
          </reporter-output>
        </test-method> <!-- sum -->
        <test-method status="PASS" signature="sum()[pri:0, instance:com.test.com.test.InvocationcountTest@1bcffb5]" name="sum" duration-ms="1" started-at="2019-05-14T18:32:53Z" finished-at="2019-05-14T18:32:53Z">
          <reporter-output>
          </reporter-output>
        </test-method> <!-- sum -->
        <test-method status="PASS" signature="sum()[pri:0, instance:com.test.com.test.InvocationcountTest@1bcffb5]" name="sum" duration-ms="1" started-at="2019-05-14T18:32:53Z" finished-at="2019-05-14T18:32:53Z">
          <reporter-output>
          </reporter-output>
        </test-method> <!-- sum -->
        <test-method status="PASS" signature="sum()[pri:0, instance:com.test.com.test.InvocationcountTest@1bcffb5]" name="sum" duration-ms="8" started-at="2019-05-14T18:32:53Z" finished-at="2019-05-14T18:32:53Z">
          <reporter-output>
          </reporter-output>
        </test-method> <!-- sum -->
        <test-method status="PASS" signature="sum()[pri:0, instance:com.test.com.test.InvocationcountTest@1bcffb5]" name="sum" duration-ms="1" started-at="2019-05-14T18:32:53Z" finished-at="2019-05-14T18:32:53Z">
          <reporter-output>
          </reporter-output>
        </test-method> <!-- sum -->
      </class> <!-- com.test.com.test.InvocationcountTest -->
      <class name="com.test.com.test.ExceptionTimeoutTest">
        <test-method status="PASS" signature="test1()[pri:0, instance:com.test.com.test.ExceptionTimeoutTest@407d53]" name="test1" duration-ms="22" started-at="2019-05-14T18:30:39Z" finished-at="2019-05-14T18:30:39Z">
          <exception class="java.lang.NumberFormatException">
            <message>
              <![CDATA[For input string: "100A"]]>
            </message>
            <full-stacktrace>
              <![CDATA[java.lang.NumberFormatException: For input string: "100A"
	at java.lang.NumberFormatException.forInputString(Unknown Source)
	at java.lang.Integer.parseInt(Unknown Source)
	at java.lang.Integer.parseInt(Unknown Source)
	at com.test.com.test.ExceptionTimeoutTest.test1(ExceptionTimeoutTest.java:18)
	at sun.reflect.NativeMethodAccessorImpl.invoke0(Native Method)
	at sun.reflect.NativeMethodAccessorImpl.invoke(Unknown Source)
	at sun.reflect.DelegatingMethodAccessorImpl.invoke(Unknown Source)
	at java.lang.reflect.Method.invoke(Unknown Source)
	at org.testng.internal.MethodInvocationHelper.invokeMethod(MethodInvocationHelper.java:86)
	at org.testng.internal.Invoker.invokeMethod(Invoker.java:645)
	at org.testng.internal.Invoker.invokeTestMethod(Invoker.java:822)
	at org.testng.internal.Invoker.invokeTestMethods(Invoker.java:1130)
	at org.testng.internal.TestMethodWorker.invokeTestMethods(TestMethodWorker.java:129)
	at org.testng.internal.TestMethodWorker.run(TestMethodWorker.java:112)
	at org.testng.TestRunner.privateRun(TestRunner.java:782)
	at org.testng.TestRunner.run(TestRunner.java:632)
	at org.testng.SuiteRunner.runTest(SuiteRunner.java:366)
	at org.testng.SuiteRunner.runSequentially(SuiteRunner.java:361)
	at org.testng.SuiteRunner.privateRun(SuiteRunner.java:319)
	at org.testng.SuiteRunner.run(SuiteRunner.java:268)
	at org.testng.SuiteRunnerWorker.runSuite(SuiteRunnerWorker.java:52)
	at org.testng.SuiteRunnerWorker.run(SuiteRunnerWorker.java:86)
	at org.testng.TestNG.runSuitesSequentially(TestNG.java:1244)
	at org.testng.TestNG.runSuitesLocally(TestNG.java:1169)
	at org.testng.TestNG.run(TestNG.java:1064)
	at org.testng.remote.RemoteTestNG.run(RemoteTestNG.java:113)
	at org.testng.remote.RemoteTestNG.initAndRun(RemoteTestNG.java:206)
	at org.testng.remote.RemoteTestNG.main(RemoteTestNG.java:177)
]]>
            </full-stacktrace>
          </exception> <!-- java.lang.NumberFormatException -->
          <reporter-output>
          </reporter-output>
        </test-method> <!-- test1 -->
      </class> <!-- com.test.com.test.ExceptionTimeoutTest -->
    </test> <!-- Different TestNG Feature Test -->
  </suite> <!--  TestNG SessionTest Automation Suite -->
</testng-results>
